{
  "Node Type": "Limit",
  "Parallel Aware": false,
  "Async Capable": false,
  "Startup Cost": 1.46,
  "Total Cost": 18.42,
  "Plan Rows": 2,
  "Plan Width": 630,
  "Actual Startup Time": 0.016,
  "Actual Total Time": 0.084,
  "Actual Rows": 2,
  "Actual Loops": 1,
  "Output": [
    "address.address_id",
    "city.city_id",
    "country.country_id",
    "country.country",
    "country.last_update",
    "city.city",
    "city.last_update",
    "address.address",
    "address.address2",
    "address.district",
    "address.postal_code",
    "address.phone",
    "address.last_update",
    "staff.staff_id",
    "staff.first_name",
    "staff.last_name",
    "staff.email",
    "staff.store_id",
    "staff.active",
    "staff.username",
    "staff.password",
    "staff.last_update",
    "staff.picture"
  ],
  "Shared Hit Blocks": 19,
  "Shared Read Blocks": 0,
  "Shared Dirtied Blocks": 0,
  "Shared Written Blocks": 0,
  "Local Hit Blocks": 0,
  "Local Read Blocks": 0,
  "Local Dirtied Blocks": 0,
  "Local Written Blocks": 0,
  "Temp Read Blocks": 0,
  "Temp Written Blocks": 0,
  "Plans": [
    {
      "Node Type": "Nested Loop",
      "Parent Relationship": "Outer",
      "Parallel Aware": false,
      "Async Capable": false,
      "Join Type": "Inner",
      "Startup Cost": 1.46,
      "Total Cost": 18.42,
      "Plan Rows": 2,
      "Plan Width": 630,
      "Actual Startup Time": 0.016,
      "Actual Total Time": 0.084,
      "Actual Rows": 2,
      "Actual Loops": 1,
      "Output": [
        "address.address_id",
        "city.city_id",
        "country.country_id",
        "country.country",
        "country.last_update",
        "city.city",
        "city.last_update",
        "address.address",
        "address.address2",
        "address.district",
        "address.postal_code",
        "address.phone",
        "address.last_update",
        "staff.staff_id",
        "staff.first_name",
        "staff.last_name",
        "staff.email",
        "staff.store_id",
        "staff.active",
        "staff.username",
        "staff.password",
        "staff.last_update",
        "staff.picture"
      ],
      "Inner Unique": true,
      "Shared Hit Blocks": 19,
      "Shared Read Blocks": 0,
      "Shared Dirtied Blocks": 0,
      "Shared Written Blocks": 0,
      "Local Hit Blocks": 0,
      "Local Read Blocks": 0,
      "Local Dirtied Blocks": 0,
      "Local Written Blocks": 0,
      "Temp Read Blocks": 0,
      "Temp Written Blocks": 0,
      "Plans": [
        {
          "Node Type": "Nested Loop",
          "Parent Relationship": "Outer",
          "Parallel Aware": false,
          "Async Capable": false,
          "Join Type": "Inner",
          "Startup Cost": 1.32,
          "Total Cost": 18.06,
          "Plan Rows": 2,
          "Plan Width": 611,
          "Actual Startup Time": 0.014,
          "Actual Total Time": 0.08,
          "Actual Rows": 2,
          "Actual Loops": 1,
          "Output": [
            "city.city_id",
            "city.city",
            "city.last_update",
            "city.country_id",
            "address.address_id",
            "address.address",
            "address.address2",
            "address.district",
            "address.postal_code",
            "address.phone",
            "address.last_update",
            "staff.staff_id",
            "staff.first_name",
            "staff.last_name",
            "staff.email",
            "staff.store_id",
            "staff.active",
            "staff.username",
            "staff.password",
            "staff.last_update",
            "staff.picture"
          ],
          "Inner Unique": true,
          "Shared Hit Blocks": 15,
          "Shared Read Blocks": 0,
          "Shared Dirtied Blocks": 0,
          "Shared Written Blocks": 0,
          "Local Hit Blocks": 0,
          "Local Read Blocks": 0,
          "Local Dirtied Blocks": 0,
          "Local Written Blocks": 0,
          "Temp Read Blocks": 0,
          "Temp Written Blocks": 0,
          "Plans": [
            {
              "Node Type": "Hash Join",
              "Parent Relationship": "Outer",
              "Parallel Aware": false,
              "Async Capable": false,
              "Join Type": "Inner",
              "Startup Cost": 1.04,
              "Total Cost": 17.36,
              "Plan Rows": 2,
              "Plan Width": 590,
              "Actual Startup Time": 0.009,
              "Actual Total Time": 0.074,
              "Actual Rows": 2,
              "Actual Loops": 1,
              "Output": [
                "address.address_id",
                "address.address",
                "address.address2",
                "address.district",
                "address.postal_code",
                "address.phone",
                "address.last_update",
                "address.city_id",
                "staff.staff_id",
                "staff.first_name",
                "staff.last_name",
                "staff.email",
                "staff.store_id",
                "staff.active",
                "staff.username",
                "staff.password",
                "staff.last_update",
                "staff.picture"
              ],
              "Inner Unique": false,
              "Hash Cond": "(address.address_id = staff.address_id)",
              "Shared Hit Blocks": 9,
              "Shared Read Blocks": 0,
              "Shared Dirtied Blocks": 0,
              "Shared Written Blocks": 0,
              "Local Hit Blocks": 0,
              "Local Read Blocks": 0,
              "Local Dirtied Blocks": 0,
              "Local Written Blocks": 0,
              "Temp Read Blocks": 0,
              "Temp Written Blocks": 0,
              "Plans": [
                {
                  "Node Type": "Seq Scan",
                  "Parent Relationship": "Outer",
                  "Parallel Aware": false,
                  "Async Capable": false,
                  "Relation Name": "address",
                  "Schema": "public",
                  "Alias": "address",
                  "Startup Cost": 0.0,
                  "Total Cost": 14.03,
                  "Plan Rows": 603,
                  "Plan Width": 61,
                  "Actual Startup Time": 0.003,
                  "Actual Total Time": 0.033,
                  "Actual Rows": 603,
                  "Actual Loops": 1,
                  "Output": [
                    "address.address_id",
                    "address.address",
                    "address.address2",
                    "address.district",
                    "address.city_id",
                    "address.postal_code",
                    "address.phone",
                    "address.last_update"
                  ],
                  "Shared Hit Blocks": 8,
                  "Shared Read Blocks": 0,
                  "Shared Dirtied Blocks": 0,
                  "Shared Written Blocks": 0,
                  "Local Hit Blocks": 0,
                  "Local Read Blocks": 0,
                  "Local Dirtied Blocks": 0,
                  "Local Written Blocks": 0,
                  "Temp Read Blocks": 0,
                  "Temp Written Blocks": 0
                },
                {
                  "Node Type": "Hash",
                  "Parent Relationship": "Inner",
                  "Parallel Aware": false,
                  "Async Capable": false,
                  "Startup Cost": 1.02,
                  "Total Cost": 1.02,
                  "Plan Rows": 2,
                  "Plan Width": 531,
                  "Actual Startup Time": 0.004,
                  "Actual Total Time": 0.004,
                  "Actual Rows": 2,
                  "Actual Loops": 1,
                  "Output": [
                    "staff.staff_id",
                    "staff.first_name",
                    "staff.last_name",
                    "staff.email",
                    "staff.store_id",
                    "staff.active",
                    "staff.username",
                    "staff.password",
                    "staff.last_update",
                    "staff.picture",
                    "staff.address_id"
                  ],
                  "Hash Buckets": 1024,
                  "Original Hash Buckets": 1024,
                  "Hash Batches": 1,
                  "Original Hash Batches": 1,
                  "Peak Memory Usage": 9,
                  "Shared Hit Blocks": 1,
                  "Shared Read Blocks": 0,
                  "Shared Dirtied Blocks": 0,
                  "Shared Written Blocks": 0,
                  "Local Hit Blocks": 0,
                  "Local Read Blocks": 0,
                  "Local Dirtied Blocks": 0,
                  "Local Written Blocks": 0,
                  "Temp Read Blocks": 0,
                  "Temp Written Blocks": 0,
                  "Plans": [
                    {
                      "Node Type": "Seq Scan",
                      "Parent Relationship": "Outer",
                      "Parallel Aware": false,
                      "Async Capable": false,
                      "Relation Name": "staff",
                      "Schema": "public",
                      "Alias": "staff",
                      "Startup Cost": 0.0,
                      "Total Cost": 1.02,
                      "Plan Rows": 2,
                      "Plan Width": 531,
                      "Actual Startup Time": 0.001,
                      "Actual Total Time": 0.002,
                      "Actual Rows": 2,
                      "Actual Loops": 1,
                      "Output": [
                        "staff.staff_id",
                        "staff.first_name",
                        "staff.last_name",
                        "staff.email",
                        "staff.store_id",
                        "staff.active",
                        "staff.username",
                        "staff.password",
                        "staff.last_update",
                        "staff.picture",
                        "staff.address_id"
                      ],
                      "Shared Hit Blocks": 1,
                      "Shared Read Blocks": 0,
                      "Shared Dirtied Blocks": 0,
                      "Shared Written Blocks": 0,
                      "Local Hit Blocks": 0,
                      "Local Read Blocks": 0,
                      "Local Dirtied Blocks": 0,
                      "Local Written Blocks": 0,
                      "Temp Read Blocks": 0,
                      "Temp Written Blocks": 0
                    }
                  ]
                }
              ]
            },
            {
              "Node Type": "Index Scan",
              "Parent Relationship": "Inner",
              "Parallel Aware": false,
              "Async Capable": false,
              "Scan Direction": "Forward",
              "Index Name": "city_pkey",
              "Relation Name": "city",
              "Schema": "public",
              "Alias": "city",
              "Startup Cost": 0.28,
              "Total Cost": 0.35,
              "Plan Rows": 1,
              "Plan Width": 23,
              "Actual Startup Time": 0.002,
              "Actual Total Time": 0.002,
              "Actual Rows": 1,
              "Actual Loops": 2,
              "Output": [
                "city.city_id",
                "city.city",
                "city.country_id",
                "city.last_update"
              ],
              "Index Cond": "(city.city_id = address.city_id)",
              "Rows Removed by Index Recheck": 0,
              "Shared Hit Blocks": 6,
              "Shared Read Blocks": 0,
              "Shared Dirtied Blocks": 0,
              "Shared Written Blocks": 0,
              "Local Hit Blocks": 0,
              "Local Read Blocks": 0,
              "Local Dirtied Blocks": 0,
              "Local Written Blocks": 0,
              "Temp Read Blocks": 0,
              "Temp Written Blocks": 0
            }
          ]
        },
        {
          "Node Type": "Index Scan",
          "Parent Relationship": "Inner",
          "Parallel Aware": false,
          "Async Capable": false,
          "Scan Direction": "Forward",
          "Index Name": "country_pkey",
          "Relation Name": "country",
          "Schema": "public",
          "Alias": "country",
          "Startup Cost": 0.14,
          "Total Cost": 0.18,
          "Plan Rows": 1,
          "Plan Width": 21,
          "Actual Startup Time": 0.001,
          "Actual Total Time": 0.001,
          "Actual Rows": 1,
          "Actual Loops": 2,
          "Output": [
            "country.country_id",
            "country.country",
            "country.last_update"
          ],
          "Index Cond": "(country.country_id = city.country_id)",
          "Rows Removed by Index Recheck": 0,
          "Shared Hit Blocks": 4,
          "Shared Read Blocks": 0,
          "Shared Dirtied Blocks": 0,
          "Shared Written Blocks": 0,
          "Local Hit Blocks": 0,
          "Local Read Blocks": 0,
          "Local Dirtied Blocks": 0,
          "Local Written Blocks": 0,
          "Temp Read Blocks": 0,
          "Temp Written Blocks": 0
        }
      ]
    }
  ]
}