{
  "Node Type": "Limit",
  "Parallel Aware": false,
  "Async Capable": false,
  "Startup Cost": 0.15,
  "Total Cost": 29.53,
  "Plan Rows": 614,
  "Plan Width": 35,
  "Actual Startup Time": 0.006,
  "Actual Total Time": 0.278,
  "Actual Rows": 614,
  "Actual Loops": 1,
  "Output": [
    "actor.actor_id",
    "actor.first_name",
    "actor.last_name",
    "actor.last_update",
    "film_actor.film_id",
    "film_actor.last_update"
  ],
  "Shared Hit Blocks": 52,
  "Shared Read Blocks": 0,
  "Shared Dirtied Blocks": 0,
  "Shared Written Blocks": 0,
  "Local Hit Blocks": 0,
  "Local Read Blocks": 0,
  "Local Dirtied Blocks": 0,
  "Local Written Blocks": 0,
  "Temp Read Blocks": 0,
  "Temp Written Blocks": 0,
  "Plans": [
    {
      "Node Type": "Nested Loop",
      "Parent Relationship": "Outer",
      "Parallel Aware": false,
      "Async Capable": false,
      "Join Type": "Inner",
      "Startup Cost": 0.15,
      "Total Cost": 261.46,
      "Plan Rows": 5462,
      "Plan Width": 35,
      "Actual Startup Time": 0.006,
      "Actual Total Time": 0.245,
      "Actual Rows": 614,
      "Actual Loops": 1,
      "Output": [
        "actor.actor_id",
        "actor.first_name",
        "actor.last_name",
        "actor.last_update",
        "film_actor.film_id",
        "film_actor.last_update"
      ],
      "Inner Unique": true,
      "Shared Hit Blocks": 52,
      "Shared Read Blocks": 0,
      "Shared Dirtied Blocks": 0,
      "Shared Written Blocks": 0,
      "Local Hit Blocks": 0,
      "Local Read Blocks": 0,
      "Local Dirtied Blocks": 0,
      "Local Written Blocks": 0,
      "Temp Read Blocks": 0,
      "Temp Written Blocks": 0,
      "Plans": [
        {
          "Node Type": "Seq Scan",
          "Parent Relationship": "Outer",
          "Parallel Aware": false,
          "Async Capable": false,
          "Relation Name": "film_actor",
          "Schema": "public",
          "Alias": "film_actor",
          "Startup Cost": 0.0,
          "Total Cost": 84.62,
          "Plan Rows": 5462,
          "Plan Width": 12,
          "Actual Startup Time": 0.002,
          "Actual Total Time": 0.031,
          "Actual Rows": 614,
          "Actual Loops": 1,
          "Output": [
            "film_actor.actor_id",
            "film_actor.film_id",
            "film_actor.last_update"
          ],
          "Shared Hit Blocks": 4,
          "Shared Read Blocks": 0,
          "Shared Dirtied Blocks": 0,
          "Shared Written Blocks": 0,
          "Local Hit Blocks": 0,
          "Local Read Blocks": 0,
          "Local Dirtied Blocks": 0,
          "Local Written Blocks": 0,
          "Temp Read Blocks": 0,
          "Temp Written Blocks": 0
        },
        {
          "Node Type": "Memoize",
          "Parent Relationship": "Inner",
          "Parallel Aware": false,
          "Async Capable": false,
          "Startup Cost": 0.15,
          "Total Cost": 0.21,
          "Plan Rows": 1,
          "Plan Width": 25,
          "Actual Startup Time": 0.0,
          "Actual Total Time": 0.0,
          "Actual Rows": 1,
          "Actual Loops": 614,
          "Output": [
            "actor.actor_id",
            "actor.first_name",
            "actor.last_name",
            "actor.last_update"
          ],
          "Cache Key": "film_actor.actor_id",
          "Cache Mode": "logical",
          "Cache Hits": 590,
          "Cache Misses": 24,
          "Cache Evictions": 0,
          "Cache Overflows": 0,
          "Peak Memory Usage": 3,
          "Shared Hit Blocks": 48,
          "Shared Read Blocks": 0,
          "Shared Dirtied Blocks": 0,
          "Shared Written Blocks": 0,
          "Local Hit Blocks": 0,
          "Local Read Blocks": 0,
          "Local Dirtied Blocks": 0,
          "Local Written Blocks": 0,
          "Temp Read Blocks": 0,
          "Temp Written Blocks": 0,
          "Plans": [
            {
              "Node Type": "Index Scan",
              "Parent Relationship": "Outer",
              "Parallel Aware": false,
              "Async Capable": false,
              "Scan Direction": "Forward",
              "Index Name": "actor_pkey",
              "Relation Name": "actor",
              "Schema": "public",
              "Alias": "actor",
              "Startup Cost": 0.14,
              "Total Cost": 0.2,
              "Plan Rows": 1,
              "Plan Width": 25,
              "Actual Startup Time": 0.001,
              "Actual Total Time": 0.001,
              "Actual Rows": 1,
              "Actual Loops": 24,
              "Output": [
                "actor.actor_id",
                "actor.first_name",
                "actor.last_name",
                "actor.last_update"
              ],
              "Index Cond": "(actor.actor_id = film_actor.actor_id)",
              "Rows Removed by Index Recheck": 0,
              "Shared Hit Blocks": 48,
              "Shared Read Blocks": 0,
              "Shared Dirtied Blocks": 0,
              "Shared Written Blocks": 0,
              "Local Hit Blocks": 0,
              "Local Read Blocks": 0,
              "Local Dirtied Blocks": 0,
              "Local Written Blocks": 0,
              "Temp Read Blocks": 0,
              "Temp Written Blocks": 0
            }
          ]
        }
      ]
    }
  ]
}