{
  "Node Type": "Limit",
  "Parallel Aware": false,
  "Async Capable": false,
  "Startup Cost": 33.17,
  "Total Cost": 106.0,
  "Plan Rows": 781,
  "Plan Width": 472,
  "Actual Startup Time": 0.389,
  "Actual Total Time": 0.702,
  "Actual Rows": 781,
  "Actual Loops": 1,
  "Output": [
    "film.film_id",
    "category.category_id",
    "category.name",
    "category.last_update",
    "film_category.last_update",
    "film.title",
    "film.description",
    "film.release_year",
    "film.language_id",
    "film.rental_duration",
    "film.rental_rate",
    "film.length",
    "film.replacement_cost",
    "film.rating",
    "film.last_update",
    "film.special_features",
    "film.fulltext"
  ],
  "Shared Hit Blocks": 49,
  "Shared Read Blocks": 0,
  "Shared Dirtied Blocks": 0,
  "Shared Written Blocks": 0,
  "Local Hit Blocks": 0,
  "Local Read Blocks": 0,
  "Local Dirtied Blocks": 0,
  "Local Written Blocks": 0,
  "Temp Read Blocks": 0,
  "Temp Written Blocks": 0,
  "Plans": [
    {
      "Node Type": "Hash Join",
      "Parent Relationship": "Outer",
      "Parallel Aware": false,
      "Async Capable": false,
      "Join Type": "Inner",
      "Startup Cost": 33.17,
      "Total Cost": 126.42,
      "Plan Rows": 1000,
      "Plan Width": 472,
      "Actual Startup Time": 0.388,
      "Actual Total Time": 0.662,
      "Actual Rows": 781,
      "Actual Loops": 1,
      "Output": [
        "film.film_id",
        "category.category_id",
        "category.name",
        "category.last_update",
        "film_category.last_update",
        "film.title",
        "film.description",
        "film.release_year",
        "film.language_id",
        "film.rental_duration",
        "film.rental_rate",
        "film.length",
        "film.replacement_cost",
        "film.rating",
        "film.last_update",
        "film.special_features",
        "film.fulltext"
      ],
      "Inner Unique": false,
      "Hash Cond": "(film.film_id = film_category.film_id)",
      "Shared Hit Blocks": 49,
      "Shared Read Blocks": 0,
      "Shared Dirtied Blocks": 0,
      "Shared Written Blocks": 0,
      "Local Hit Blocks": 0,
      "Local Read Blocks": 0,
      "Local Dirtied Blocks": 0,
      "Local Written Blocks": 0,
      "Temp Read Blocks": 0,
      "Temp Written Blocks": 0,
      "Plans": [
        {
          "Node Type": "Seq Scan",
          "Parent Relationship": "Outer",
          "Parallel Aware": false,
          "Async Capable": false,
          "Relation Name": "film",
          "Schema": "public",
          "Alias": "film",
          "Startup Cost": 0.0,
          "Total Cost": 75.27,
          "Plan Rows": 2127,
          "Plan Width": 384,
          "Actual Startup Time": 0.002,
          "Actual Total Time": 0.052,
          "Actual Rows": 781,
          "Actual Loops": 1,
          "Output": [
            "film.film_id",
            "film.title",
            "film.description",
            "film.release_year",
            "film.language_id",
            "film.rental_duration",
            "film.rental_rate",
            "film.length",
            "film.replacement_cost",
            "film.rating",
            "film.last_update",
            "film.special_features",
            "film.fulltext"
          ],
          "Shared Hit Blocks": 42,
          "Shared Read Blocks": 0,
          "Shared Dirtied Blocks": 0,
          "Shared Written Blocks": 0,
          "Local Hit Blocks": 0,
          "Local Read Blocks": 0,
          "Local Dirtied Blocks": 0,
          "Local Written Blocks": 0,
          "Temp Read Blocks": 0,
          "Temp Written Blocks": 0
        },
        {
          "Node Type": "Hash",
          "Parent Relationship": "Inner",
          "Parallel Aware": false,
          "Async Capable": false,
          "Startup Cost": 20.67,
          "Total Cost": 20.67,
          "Plan Rows": 1000,
          "Plan Width": 90,
          "Actual Startup Time": 0.383,
          "Actual Total Time": 0.383,
          "Actual Rows": 1000,
          "Actual Loops": 1,
          "Output": [
            "category.category_id",
            "category.name",
            "category.last_update",
            "film_category.last_update",
            "film_category.film_id"
          ],
          "Hash Buckets": 1024,
          "Original Hash Buckets": 1024,
          "Hash Batches": 1,
          "Original Hash Batches": 1,
          "Peak Memory Usage": 72,
          "Shared Hit Blocks": 7,
          "Shared Read Blocks": 0,
          "Shared Dirtied Blocks": 0,
          "Shared Written Blocks": 0,
          "Local Hit Blocks": 0,
          "Local Read Blocks": 0,
          "Local Dirtied Blocks": 0,
          "Local Written Blocks": 0,
          "Temp Read Blocks": 0,
          "Temp Written Blocks": 0,
          "Plans": [
            {
              "Node Type": "Hash Join",
              "Parent Relationship": "Outer",
              "Parallel Aware": false,
              "Async Capable": false,
              "Join Type": "Inner",
              "Startup Cost": 1.36,
              "Total Cost": 20.67,
              "Plan Rows": 1000,
              "Plan Width": 90,
              "Actual Startup Time": 0.01,
              "Actual Total Time": 0.26,
              "Actual Rows": 1000,
              "Actual Loops": 1,
              "Output": [
                "category.category_id",
                "category.name",
                "category.last_update",
                "film_category.last_update",
                "film_category.film_id"
              ],
              "Inner Unique": true,
              "Hash Cond": "(film_category.category_id = category.category_id)",
              "Shared Hit Blocks": 7,
              "Shared Read Blocks": 0,
              "Shared Dirtied Blocks": 0,
              "Shared Written Blocks": 0,
              "Local Hit Blocks": 0,
              "Local Read Blocks": 0,
              "Local Dirtied Blocks": 0,
              "Local Written Blocks": 0,
              "Temp Read Blocks": 0,
              "Temp Written Blocks": 0,
              "Plans": [
                {
                  "Node Type": "Seq Scan",
                  "Parent Relationship": "Outer",
                  "Parallel Aware": false,
                  "Async Capable": false,
                  "Relation Name": "film_category",
                  "Schema": "public",
                  "Alias": "film_category",
                  "Startup Cost": 0.0,
                  "Total Cost": 16.0,
                  "Plan Rows": 1000,
                  "Plan Width": 12,
                  "Actual Startup Time": 0.002,
                  "Actual Total Time": 0.072,
                  "Actual Rows": 1000,
                  "Actual Loops": 1,
                  "Output": [
                    "film_category.film_id",
                    "film_category.category_id",
                    "film_category.last_update"
                  ],
                  "Shared Hit Blocks": 6,
                  "Shared Read Blocks": 0,
                  "Shared Dirtied Blocks": 0,
                  "Shared Written Blocks": 0,
                  "Local Hit Blocks": 0,
                  "Local Read Blocks": 0,
                  "Local Dirtied Blocks": 0,
                  "Local Written Blocks": 0,
                  "Temp Read Blocks": 0,
                  "Temp Written Blocks": 0
                },
                {
                  "Node Type": "Hash",
                  "Parent Relationship": "Inner",
                  "Parallel Aware": false,
                  "Async Capable": false,
                  "Startup Cost": 1.16,
                  "Total Cost": 1.16,
                  "Plan Rows": 16,
                  "Plan Width": 80,
                  "Actual Startup Time": 0.005,
                  "Actual Total Time": 0.005,
                  "Actual Rows": 16,
                  "Actual Loops": 1,
                  "Output": [
                    "category.category_id",
                    "category.name",
                    "category.last_update"
                  ],
                  "Hash Buckets": 1024,
                  "Original Hash Buckets": 1024,
                  "Hash Batches": 1,
                  "Original Hash Batches": 1,
                  "Peak Memory Usage": 9,
                  "Shared Hit Blocks": 1,
                  "Shared Read Blocks": 0,
                  "Shared Dirtied Blocks": 0,
                  "Shared Written Blocks": 0,
                  "Local Hit Blocks": 0,
                  "Local Read Blocks": 0,
                  "Local Dirtied Blocks": 0,
                  "Local Written Blocks": 0,
                  "Temp Read Blocks": 0,
                  "Temp Written Blocks": 0,
                  "Plans": [
                    {
                      "Node Type": "Seq Scan",
                      "Parent Relationship": "Outer",
                      "Parallel Aware": false,
                      "Async Capable": false,
                      "Relation Name": "category",
                      "Schema": "public",
                      "Alias": "category",
                      "Startup Cost": 0.0,
                      "Total Cost": 1.16,
                      "Plan Rows": 16,
                      "Plan Width": 80,
                      "Actual Startup Time": 0.001,
                      "Actual Total Time": 0.002,
                      "Actual Rows": 16,
                      "Actual Loops": 1,
                      "Output": [
                        "category.category_id",
                        "category.name",
                        "category.last_update"
                      ],
                      "Shared Hit Blocks": 1,
                      "Shared Read Blocks": 0,
                      "Shared Dirtied Blocks": 0,
                      "Shared Written Blocks": 0,
                      "Local Hit Blocks": 0,
                      "Local Read Blocks": 0,
                      "Local Dirtied Blocks": 0,
                      "Local Written Blocks": 0,
                      "Temp Read Blocks": 0,
                      "Temp Written Blocks": 0
                    }
                  ]
                }
              ]
            }
          ]
        }
      ]
    }
  ]
}