{
  "Node Type": "Limit",
  "Parallel Aware": false,
  "Async Capable": false,
  "Startup Cost": 1.89,
  "Total Cost": 208.39,
  "Plan Rows": 567,
  "Plan Width": 657,
  "Actual Startup Time": 0.121,
  "Actual Total Time": 27.191,
  "Actual Rows": 553,
  "Actual Loops": 1,
  "Output": [
    "rental.inventory_id",
    "staff.staff_id",
    "address.address_id",
    "city.city_id",
    "city.city",
    "city.country_id",
    "city.last_update",
    "address.address",
    "address.address2",
    "address.district",
    "address.postal_code",
    "address.phone",
    "address.last_update",
    "staff.first_name",
    "staff.last_name",
    "staff.email",
    "staff.store_id",
    "staff.active",
    "staff.username",
    "staff.password",
    "staff.last_update",
    "staff.picture",
    "rental.rental_id",
    "rental.rental_date",
    "rental.customer_id",
    "rental.return_date",
    "rental.last_update",
    "inventory.film_id",
    "inventory.store_id",
    "inventory.last_update"
  ],
  "Shared Hit Blocks": 16119,
  "Shared Read Blocks": 0,
  "Shared Dirtied Blocks": 0,
  "Shared Written Blocks": 0,
  "Local Hit Blocks": 0,
  "Local Read Blocks": 0,
  "Local Dirtied Blocks": 0,
  "Local Written Blocks": 0,
  "Temp Read Blocks": 0,
  "Temp Written Blocks": 0,
  "Plans": [
    {
      "Node Type": "Merge Join",
      "Parent Relationship": "Outer",
      "Parallel Aware": false,
      "Async Capable": false,
      "Join Type": "Inner",
      "Startup Cost": 1.89,
      "Total Cost": 1949.66,
      "Plan Rows": 5348,
      "Plan Width": 657,
      "Actual Startup Time": 0.121,
      "Actual Total Time": 27.156,
      "Actual Rows": 553,
      "Actual Loops": 1,
      "Output": [
        "rental.inventory_id",
        "staff.staff_id",
        "address.address_id",
        "city.city_id",
        "city.city",
        "city.country_id",
        "city.last_update",
        "address.address",
        "address.address2",
        "address.district",
        "address.postal_code",
        "address.phone",
        "address.last_update",
        "staff.first_name",
        "staff.last_name",
        "staff.email",
        "staff.store_id",
        "staff.active",
        "staff.username",
        "staff.password",
        "staff.last_update",
        "staff.picture",
        "rental.rental_id",
        "rental.rental_date",
        "rental.customer_id",
        "rental.return_date",
        "rental.last_update",
        "inventory.film_id",
        "inventory.store_id",
        "inventory.last_update"
      ],
      "Inner Unique": false,
      "Merge Cond": "(inventory.inventory_id = rental.inventory_id)",
      "Join Filter": "(random() < '0.03561052307413807'::double precision)",
      "Rows Removed by Join Filter": 15491,
      "Shared Hit Blocks": 16119,
      "Shared Read Blocks": 0,
      "Shared Dirtied Blocks": 0,
      "Shared Written Blocks": 0,
      "Local Hit Blocks": 0,
      "Local Read Blocks": 0,
      "Local Dirtied Blocks": 0,
      "Local Written Blocks": 0,
      "Temp Read Blocks": 0,
      "Temp Written Blocks": 0,
      "Plans": [
        {
          "Node Type": "Index Scan",
          "Parent Relationship": "Outer",
          "Parallel Aware": false,
          "Async Capable": false,
          "Scan Direction": "Forward",
          "Index Name": "inventory_pkey",
          "Relation Name": "inventory",
          "Schema": "public",
          "Alias": "inventory",
          "Startup Cost": 0.28,
          "Total Cost": 157.0,
          "Plan Rows": 4581,
          "Plan Width": 16,
          "Actual Startup Time": 0.004,
          "Actual Total Time": 0.553,
          "Actual Rows": 4581,
          "Actual Loops": 1,
          "Output": [
            "inventory.inventory_id",
            "inventory.film_id",
            "inventory.store_id",
            "inventory.last_update"
          ],
          "Shared Hit Blocks": 39,
          "Shared Read Blocks": 0,
          "Shared Dirtied Blocks": 0,
          "Shared Written Blocks": 0,
          "Local Hit Blocks": 0,
          "Local Read Blocks": 0,
          "Local Dirtied Blocks": 0,
          "Local Written Blocks": 0,
          "Temp Read Blocks": 0,
          "Temp Written Blocks": 0
        },
        {
          "Node Type": "Materialize",
          "Parent Relationship": "Inner",
          "Parallel Aware": false,
          "Async Capable": false,
          "Startup Cost": 1.6,
          "Total Cost": 1500.44,
          "Plan Rows": 16044,
          "Plan Width": 645,
          "Actual Startup Time": 0.025,
          "Actual Total Time": 22.927,
          "Actual Rows": 16044,
          "Actual Loops": 1,
          "Output": [
            "city.city_id",
            "city.city",
            "city.country_id",
            "city.last_update",
            "address.address_id",
            "address.address",
            "address.address2",
            "address.district",
            "address.postal_code",
            "address.phone",
            "address.last_update",
            "staff.staff_id",
            "staff.first_name",
            "staff.last_name",
            "staff.email",
            "staff.store_id",
            "staff.active",
            "staff.username",
            "staff.password",
            "staff.last_update",
            "staff.picture",
            "rental.inventory_id",
            "rental.rental_id",
            "rental.rental_date",
            "rental.customer_id",
            "rental.return_date",
            "rental.last_update"
          ],
          "Shared Hit Blocks": 16080,
          "Shared Read Blocks": 0,
          "Shared Dirtied Blocks": 0,
          "Shared Written Blocks": 0,
          "Local Hit Blocks": 0,
          "Local Read Blocks": 0,
          "Local Dirtied Blocks": 0,
          "Local Written Blocks": 0,
          "Temp Read Blocks": 0,
          "Temp Written Blocks": 0,
          "Plans": [
            {
              "Node Type": "Nested Loop",
              "Parent Relationship": "Outer",
              "Parallel Aware": false,
              "Async Capable": false,
              "Join Type": "Inner",
              "Startup Cost": 1.6,
              "Total Cost": 1460.33,
              "Plan Rows": 16044,
              "Plan Width": 645,
              "Actual Startup Time": 0.024,
              "Actual Total Time": 11.693,
              "Actual Rows": 16044,
              "Actual Loops": 1,
              "Output": [
                "city.city_id",
                "city.city",
                "city.country_id",
                "city.last_update",
                "address.address_id",
                "address.address",
                "address.address2",
                "address.district",
                "address.postal_code",
                "address.phone",
                "address.last_update",
                "staff.staff_id",
                "staff.first_name",
                "staff.last_name",
                "staff.email",
                "staff.store_id",
                "staff.active",
                "staff.username",
                "staff.password",
                "staff.last_update",
                "staff.picture",
                "rental.inventory_id",
                "rental.rental_id",
                "rental.rental_date",
                "rental.customer_id",
                "rental.return_date",
                "rental.last_update"
              ],
              "Inner Unique": false,
              "Join Filter": "(staff.staff_id = rental.staff_id)",
              "Rows Removed by Join Filter": 16044,
              "Shared Hit Blocks": 16080,
              "Shared Read Blocks": 0,
              "Shared Dirtied Blocks": 0,
              "Shared Written Blocks": 0,
              "Local Hit Blocks": 0,
              "Local Read Blocks": 0,
              "Local Dirtied Blocks": 0,
              "Local Written Blocks": 0,
              "Temp Read Blocks": 0,
              "Temp Written Blocks": 0,
              "Plans": [
                {
                  "Node Type": "Index Scan",
                  "Parent Relationship": "Outer",
                  "Parallel Aware": false,
                  "Async Capable": false,
                  "Scan Direction": "Forward",
                  "Index Name": "idx_fk_inventory_id",
                  "Relation Name": "rental",
                  "Schema": "public",
                  "Alias": "rental",
                  "Startup Cost": 0.29,
                  "Total Cost": 960.94,
                  "Plan Rows": 16044,
                  "Plan Width": 36,
                  "Actual Startup Time": 0.004,
                  "Actual Total Time": 3.939,
                  "Actual Rows": 16044,
                  "Actual Loops": 1,
                  "Output": [
                    "rental.rental_id",
                    "rental.rental_date",
                    "rental.inventory_id",
                    "rental.customer_id",
                    "rental.return_date",
                    "rental.staff_id",
                    "rental.last_update"
                  ],
                  "Shared Hit Blocks": 16065,
                  "Shared Read Blocks": 0,
                  "Shared Dirtied Blocks": 0,
                  "Shared Written Blocks": 0,
                  "Local Hit Blocks": 0,
                  "Local Read Blocks": 0,
                  "Local Dirtied Blocks": 0,
                  "Local Written Blocks": 0,
                  "Temp Read Blocks": 0,
                  "Temp Written Blocks": 0
                },
                {
                  "Node Type": "Materialize",
                  "Parent Relationship": "Inner",
                  "Parallel Aware": false,
                  "Async Capable": false,
                  "Startup Cost": 1.32,
                  "Total Cost": 18.07,
                  "Plan Rows": 2,
                  "Plan Width": 611,
                  "Actual Startup Time": 0.0,
                  "Actual Total Time": 0.0,
                  "Actual Rows": 2,
                  "Actual Loops": 16044,
                  "Output": [
                    "city.city_id",
                    "city.city",
                    "city.country_id",
                    "city.last_update",
                    "address.address_id",
                    "address.address",
                    "address.address2",
                    "address.district",
                    "address.postal_code",
                    "address.phone",
                    "address.last_update",
                    "staff.staff_id",
                    "staff.first_name",
                    "staff.last_name",
                    "staff.email",
                    "staff.store_id",
                    "staff.active",
                    "staff.username",
                    "staff.password",
                    "staff.last_update",
                    "staff.picture"
                  ],
                  "Shared Hit Blocks": 15,
                  "Shared Read Blocks": 0,
                  "Shared Dirtied Blocks": 0,
                  "Shared Written Blocks": 0,
                  "Local Hit Blocks": 0,
                  "Local Read Blocks": 0,
                  "Local Dirtied Blocks": 0,
                  "Local Written Blocks": 0,
                  "Temp Read Blocks": 0,
                  "Temp Written Blocks": 0,
                  "Plans": [
                    {
                      "Node Type": "Nested Loop",
                      "Parent Relationship": "Outer",
                      "Parallel Aware": false,
                      "Async Capable": false,
                      "Join Type": "Inner",
                      "Startup Cost": 1.32,
                      "Total Cost": 18.06,
                      "Plan Rows": 2,
                      "Plan Width": 611,
                      "Actual Startup Time": 0.014,
                      "Actual Total Time": 0.084,
                      "Actual Rows": 2,
                      "Actual Loops": 1,
                      "Output": [
                        "city.city_id",
                        "city.city",
                        "city.country_id",
                        "city.last_update",
                        "address.address_id",
                        "address.address",
                        "address.address2",
                        "address.district",
                        "address.postal_code",
                        "address.phone",
                        "address.last_update",
                        "staff.staff_id",
                        "staff.first_name",
                        "staff.last_name",
                        "staff.email",
                        "staff.store_id",
                        "staff.active",
                        "staff.username",
                        "staff.password",
                        "staff.last_update",
                        "staff.picture"
                      ],
                      "Inner Unique": true,
                      "Shared Hit Blocks": 15,
                      "Shared Read Blocks": 0,
                      "Shared Dirtied Blocks": 0,
                      "Shared Written Blocks": 0,
                      "Local Hit Blocks": 0,
                      "Local Read Blocks": 0,
                      "Local Dirtied Blocks": 0,
                      "Local Written Blocks": 0,
                      "Temp Read Blocks": 0,
                      "Temp Written Blocks": 0,
                      "Plans": [
                        {
                          "Node Type": "Hash Join",
                          "Parent Relationship": "Outer",
                          "Parallel Aware": false,
                          "Async Capable": false,
                          "Join Type": "Inner",
                          "Startup Cost": 1.04,
                          "Total Cost": 17.36,
                          "Plan Rows": 2,
                          "Plan Width": 590,
                          "Actual Startup Time": 0.011,
                          "Actual Total Time": 0.078,
                          "Actual Rows": 2,
                          "Actual Loops": 1,
                          "Output": [
                            "address.address_id",
                            "address.address",
                            "address.address2",
                            "address.district",
                            "address.postal_code",
                            "address.phone",
                            "address.last_update",
                            "address.city_id",
                            "staff.staff_id",
                            "staff.first_name",
                            "staff.last_name",
                            "staff.email",
                            "staff.store_id",
                            "staff.active",
                            "staff.username",
                            "staff.password",
                            "staff.last_update",
                            "staff.picture"
                          ],
                          "Inner Unique": false,
                          "Hash Cond": "(address.address_id = staff.address_id)",
                          "Shared Hit Blocks": 9,
                          "Shared Read Blocks": 0,
                          "Shared Dirtied Blocks": 0,
                          "Shared Written Blocks": 0,
                          "Local Hit Blocks": 0,
                          "Local Read Blocks": 0,
                          "Local Dirtied Blocks": 0,
                          "Local Written Blocks": 0,
                          "Temp Read Blocks": 0,
                          "Temp Written Blocks": 0,
                          "Plans": [
                            {
                              "Node Type": "Seq Scan",
                              "Parent Relationship": "Outer",
                              "Parallel Aware": false,
                              "Async Capable": false,
                              "Relation Name": "address",
                              "Schema": "public",
                              "Alias": "address",
                              "Startup Cost": 0.0,
                              "Total Cost": 14.03,
                              "Plan Rows": 603,
                              "Plan Width": 61,
                              "Actual Startup Time": 0.003,
                              "Actual Total Time": 0.036,
                              "Actual Rows": 603,
                              "Actual Loops": 1,
                              "Output": [
                                "address.address_id",
                                "address.address",
                                "address.address2",
                                "address.district",
                                "address.city_id",
                                "address.postal_code",
                                "address.phone",
                                "address.last_update"
                              ],
                              "Shared Hit Blocks": 8,
                              "Shared Read Blocks": 0,
                              "Shared Dirtied Blocks": 0,
                              "Shared Written Blocks": 0,
                              "Local Hit Blocks": 0,
                              "Local Read Blocks": 0,
                              "Local Dirtied Blocks": 0,
                              "Local Written Blocks": 0,
                              "Temp Read Blocks": 0,
                              "Temp Written Blocks": 0
                            },
                            {
                              "Node Type": "Hash",
                              "Parent Relationship": "Inner",
                              "Parallel Aware": false,
                              "Async Capable": false,
                              "Startup Cost": 1.02,
                              "Total Cost": 1.02,
                              "Plan Rows": 2,
                              "Plan Width": 531,
                              "Actual Startup Time": 0.004,
                              "Actual Total Time": 0.005,
                              "Actual Rows": 2,
                              "Actual Loops": 1,
                              "Output": [
                                "staff.staff_id",
                                "staff.first_name",
                                "staff.last_name",
                                "staff.email",
                                "staff.store_id",
                                "staff.active",
                                "staff.username",
                                "staff.password",
                                "staff.last_update",
                                "staff.picture",
                                "staff.address_id"
                              ],
                              "Hash Buckets": 1024,
                              "Original Hash Buckets": 1024,
                              "Hash Batches": 1,
                              "Original Hash Batches": 1,
                              "Peak Memory Usage": 9,
                              "Shared Hit Blocks": 1,
                              "Shared Read Blocks": 0,
                              "Shared Dirtied Blocks": 0,
                              "Shared Written Blocks": 0,
                              "Local Hit Blocks": 0,
                              "Local Read Blocks": 0,
                              "Local Dirtied Blocks": 0,
                              "Local Written Blocks": 0,
                              "Temp Read Blocks": 0,
                              "Temp Written Blocks": 0,
                              "Plans": [
                                {
                                  "Node Type": "Seq Scan",
                                  "Parent Relationship": "Outer",
                                  "Parallel Aware": false,
                                  "Async Capable": false,
                                  "Relation Name": "staff",
                                  "Schema": "public",
                                  "Alias": "staff",
                                  "Startup Cost": 0.0,
                                  "Total Cost": 1.02,
                                  "Plan Rows": 2,
                                  "Plan Width": 531,
                                  "Actual Startup Time": 0.002,
                                  "Actual Total Time": 0.002,
                                  "Actual Rows": 2,
                                  "Actual Loops": 1,
                                  "Output": [
                                    "staff.staff_id",
                                    "staff.first_name",
                                    "staff.last_name",
                                    "staff.email",
                                    "staff.store_id",
                                    "staff.active",
                                    "staff.username",
                                    "staff.password",
                                    "staff.last_update",
                                    "staff.picture",
                                    "staff.address_id"
                                  ],
                                  "Shared Hit Blocks": 1,
                                  "Shared Read Blocks": 0,
                                  "Shared Dirtied Blocks": 0,
                                  "Shared Written Blocks": 0,
                                  "Local Hit Blocks": 0,
                                  "Local Read Blocks": 0,
                                  "Local Dirtied Blocks": 0,
                                  "Local Written Blocks": 0,
                                  "Temp Read Blocks": 0,
                                  "Temp Written Blocks": 0
                                }
                              ]
                            }
                          ]
                        },
                        {
                          "Node Type": "Index Scan",
                          "Parent Relationship": "Inner",
                          "Parallel Aware": false,
                          "Async Capable": false,
                          "Scan Direction": "Forward",
                          "Index Name": "city_pkey",
                          "Relation Name": "city",
                          "Schema": "public",
                          "Alias": "city",
                          "Startup Cost": 0.28,
                          "Total Cost": 0.35,
                          "Plan Rows": 1,
                          "Plan Width": 23,
                          "Actual Startup Time": 0.002,
                          "Actual Total Time": 0.002,
                          "Actual Rows": 1,
                          "Actual Loops": 2,
                          "Output": [
                            "city.city_id",
                            "city.city",
                            "city.country_id",
                            "city.last_update"
                          ],
                          "Index Cond": "(city.city_id = address.city_id)",
                          "Rows Removed by Index Recheck": 0,
                          "Shared Hit Blocks": 6,
                          "Shared Read Blocks": 0,
                          "Shared Dirtied Blocks": 0,
                          "Shared Written Blocks": 0,
                          "Local Hit Blocks": 0,
                          "Local Read Blocks": 0,
                          "Local Dirtied Blocks": 0,
                          "Local Written Blocks": 0,
                          "Temp Read Blocks": 0,
                          "Temp Written Blocks": 0
                        }
                      ]
                    }
                  ]
                }
              ]
            }
          ]
        }
      ]
    }
  ]
}