{
  "Node Type": "Limit",
  "Parallel Aware": false,
  "Async Capable": false,
  "Startup Cost": 0.0,
  "Total Cost": 1.03,
  "Plan Rows": 1,
  "Plan Width": 531,
  "Actual Startup Time": 0.002,
  "Actual Total Time": 0.002,
  "Actual Rows": 1,
  "Actual Loops": 1,
  "Output": [
    "staff_id",
    "first_name",
    "last_name",
    "address_id",
    "email",
    "store_id",
    "active",
    "username",
    "password",
    "last_update",
    "picture"
  ],
  "Shared Hit Blocks": 1,
  "Shared Read Blocks": 0,
  "Shared Dirtied Blocks": 0,
  "Shared Written Blocks": 0,
  "Local Hit Blocks": 0,
  "Local Read Blocks": 0,
  "Local Dirtied Blocks": 0,
  "Local Written Blocks": 0,
  "Temp Read Blocks": 0,
  "Temp Written Blocks": 0,
  "Plans": [
    {
      "Node Type": "Seq Scan",
      "Parent Relationship": "Outer",
      "Parallel Aware": false,
      "Async Capable": false,
      "Relation Name": "staff",
      "Schema": "public",
      "Alias": "staff",
      "Startup Cost": 0.0,
      "Total Cost": 1.03,
      "Plan Rows": 1,
      "Plan Width": 531,
      "Actual Startup Time": 0.001,
      "Actual Total Time": 0.002,
      "Actual Rows": 1,
      "Actual Loops": 1,
      "Output": [
        "staff_id",
        "first_name",
        "last_name",
        "address_id",
        "email",
        "store_id",
        "active",
        "username",
        "password",
        "last_update",
        "picture"
      ],
      "Filter": "(random() < '0.5447330895857833'::double precision)",
      "Rows Removed by Filter": 1,
      "Shared Hit Blocks": 1,
      "Shared Read Blocks": 0,
      "Shared Dirtied Blocks": 0,
      "Shared Written Blocks": 0,
      "Local Hit Blocks": 0,
      "Local Read Blocks": 0,
      "Local Dirtied Blocks": 0,
      "Local Written Blocks": 0,
      "Temp Read Blocks": 0,
      "Temp Written Blocks": 0
    }
  ]
}